2022-08-18 19:28:29,241 INFO  [Log] deneme 
2022-08-18 20:13:20,723 INFO  [Log] Kullanici Amazon web sayfasina gider ve sayfanin acildigini onaylar 
2022-08-18 20:13:26,710 INFO  [Log] Kullanici login sayfasini acip kayitli bir kullanici ile giris yapar 
2022-08-18 20:13:32,653 INFO  [Log] Kullanici arama kutusuna Samsung yazip arama yapar 
2022-08-18 20:13:39,027 INFO  [Log] Kullanici arama sonuclarini cep telefonlari ile filtreler. 
2022-08-18 20:13:42,166 INFO  [Log] Kullanici arama sonuclarinin samsung icerdigini dogrular 
2022-08-18 20:13:42,259 INFO  [Log] Kullanici sonuclardan ikinci sayfaya tiklar ve bunu dogrular 
2022-08-18 20:13:44,854 INFO  [Log] Kullanici besinci siradaki urune tiklar 
2022-08-18 20:13:50,555 INFO  [Log] Kullanici urunu listeye ekler 
2022-08-18 20:13:51,055 INFO  [Log] Kullanici urunu listesine gider ve ekledigi urunun listede oldugunu dogrular 
2022-08-18 20:13:54,370 INFO  [Log] Kullanici satin alma seceneklerini goruntuler ve urunu sepete ekler 
2022-08-18 20:14:00,051 INFO  [Log] Kullanici urunun sepete eklendigini dogrular 
2022-08-18 20:14:02,062 INFO  [Log] Kullanici sepete gider 
2022-08-18 20:14:06,565 INFO  [Log] Kullanici ekledigi urunu sepetten kaldirir 
2022-08-18 20:14:06,962 INFO  [Log] Kullanici ekledigi urunu sepetten kaldiririldigini dogrular 
2022-08-18 20:17:42,813 INFO  [Log] Kullanici Amazon web sayfasina gider ve sayfanin acildigini onaylar 
2022-08-18 20:17:48,311 INFO  [Log] Kullanici login sayfasini acip kayitli bir kullanici ile giris yapar 
2022-08-18 20:17:54,472 INFO  [Log] Kullanici arama kutusuna Samsung yazip arama yapar 
2022-08-18 20:18:01,037 INFO  [Log] Kullanici arama sonuclarini cep telefonlari ile filtreler. 
2022-08-18 20:18:03,829 INFO  [Log] Kullanici arama sonuclarinin samsung icerdigini dogrular 
2022-08-18 20:18:03,951 INFO  [Log] Kullanici sonuclardan ikinci sayfaya tiklar ve bunu dogrular 
2022-08-18 20:18:06,564 INFO  [Log] Kullanici besinci siradaki urune tiklar 
2022-08-18 20:18:11,600 INFO  [Log] Kullanici urunu listeye ekler 
2022-08-18 20:18:11,958 INFO  [Log] Kullanici urunu listesine gider ve ekledigi urunun listede oldugunu dogrular 
2022-08-18 20:18:15,268 INFO  [Log] Kullanici satin alma seceneklerini goruntuler ve urunu sepete ekler 
2022-08-18 20:18:20,813 INFO  [Log] Kullanici urunun sepete eklendigini dogrular 
2022-08-18 20:18:22,775 INFO  [Log] Kullanici sepete gider 
2022-08-18 20:18:27,616 INFO  [Log] Kullanici ekledigi urunu sepetten kaldirir 
2022-08-18 20:18:28,263 INFO  [Log] Kullanici ekledigi urunu sepetten kaldiririldigini dogrular 
